<?xml version="1.0" encoding="UTF-8"?>
<!-- Generated by org.testng.reporters.JUnitReportReporter -->
<testsuite hostname="H5" name="com.parcelplatform.CI_Tool.CI_Tool.TestClassTest" tests="1" failures="0" timestamp="23 Apr 2018 06:34:51 GMT" time="0.004" errors="0">
  <testcase name="f" time="0.004" classname="com.parcelplatform.CI_Tool.CI_Tool.TestClassTest"/>
</testsuite> <!-- com.parcelplatform.CI_Tool.CI_Tool.TestClassTest -->
